#
# There is insufficient memory for the Java Runtime Environment to continue.
# Native memory allocation (malloc) failed to allocate 964656 bytes for Chunk::new
# Possible reasons:
#   The system is out of physical RAM or swap space
#   In 32 bit mode, the process size limit was hit
# Possible solutions:
#   Reduce memory load on the system
#   Increase physical memory or swap space
#   Check if swap backing store is full
#   Use 64 bit Java on a 64 bit OS
#   Decrease Java heap size (-Xmx/-Xms)
#   Decrease number of Java threads
#   Decrease Java thread stack sizes (-Xss)
#   Set larger code cache with -XX:ReservedCodeCacheSize=
# This output file may be truncated or incomplete.
#
#  Out of Memory Error (allocation.cpp:390), pid=11228, tid=0x0000000000001e0c
#
# JRE version: OpenJDK Runtime Environment (8.0_112-b06) (build 1.8.0_112-release-b06)
# Java VM: OpenJDK 64-Bit Server VM (25.112-b06 mixed mode windows-amd64 compressed oops)
# Failed to write core dump. Minidumps are not enabled by default on client versions of Windows
#

---------------  T H R E A D  ---------------

Current thread (0x0000000018488800):  JavaThread "C2 CompilerThread1" daemon [_thread_in_native, id=7692, stack(0x0000000018880000,0x0000000018980000)]

Stack: [0x0000000018880000,0x0000000018980000]
[error occurred during error reporting (printing stack bounds), id 0xc0000005]

Native frames: (J=compiled Java code, j=interpreted, Vv=VM code, C=native code)


Current CompileTask:
C2:3447770 22782       4       com.android.dx.dex.code.LocalList$MakeState::snapshot (110 bytes)


---------------  P R O C E S S  ---------------

Java Threads: ( => current thread )
  0x000000001cb6c000 JavaThread "pool-39-thread-1" [_thread_in_native, id=10000, stack(0x0000000029d50000,0x0000000029e50000)]
  0x000000001cb6e000 JavaThread "pool-38-thread-1" [_thread_blocked, id=3348, stack(0x0000000029c50000,0x0000000029d50000)]
  0x000000001cb6d800 JavaThread "Cache update executor" [_thread_blocked, id=12760, stack(0x0000000029550000,0x0000000029650000)]
  0x000000001cb6f800 JavaThread "Asynchronous log dispatcher for DefaultDaemonConnection: socket connection from /127.0.0.1:62052 to /127.0.0.1:51512" [_thread_blocked, id=11340, stack(0x0000000029350000,0x0000000029450000)]
  0x000000001cb63800 JavaThread "Cancel handler" [_thread_blocked, id=9716, stack(0x0000000029250000,0x0000000029350000)]
  0x000000001cb68000 JavaThread "Handler for socket connection from /127.0.0.1:62052 to /127.0.0.1:51512" [_thread_in_native, id=12596, stack(0x0000000029150000,0x0000000029250000)]
  0x000000001cb6a800 JavaThread "Daemon worker Thread 7" [_thread_blocked, id=4556, stack(0x0000000028950000,0x0000000028a50000)]
  0x000000001cb67800 JavaThread "Daemon Thread 7" [_thread_blocked, id=2632, stack(0x0000000028650000,0x0000000028750000)]
  0x000000001cb66000 JavaThread "pool-4-thread-4" [_thread_blocked, id=13660, stack(0x0000000024950000,0x0000000024a50000)]
  0x000000001cb6c800 JavaThread "pool-4-thread-3" [_thread_blocked, id=2900, stack(0x0000000024350000,0x0000000024450000)]
  0x000000001cb66800 JavaThread "pool-4-thread-2" [_thread_blocked, id=14280, stack(0x0000000023750000,0x0000000023850000)]
  0x0000000018fec800 JavaThread "pool-4-thread-1" [_thread_blocked, id=14124, stack(0x0000000022f50000,0x0000000023050000)]
  0x0000000018fec000 JavaThread "File lock request listener" [_thread_in_native, id=4604, stack(0x000000001c550000,0x000000001c650000)]
  0x0000000019767800 JavaThread "pool-1-thread-1" [_thread_blocked, id=10680, stack(0x000000001c050000,0x000000001c150000)]
  0x0000000019d88000 JavaThread "Incoming local TCP Connector on port 62052" [_thread_in_native, id=12092, stack(0x000000001b620000,0x000000001b720000)]
  0x0000000018505800 JavaThread "Service Thread" daemon [_thread_blocked, id=12296, stack(0x0000000018a80000,0x0000000018b80000)]
  0x0000000016d6c800 JavaThread "C1 CompilerThread2" daemon [_thread_blocked, id=11560, stack(0x0000000018980000,0x0000000018a80000)]
=>0x0000000018488800 JavaThread "C2 CompilerThread1" daemon [_thread_in_native, id=7692, stack(0x0000000018880000,0x0000000018980000)]
  0x0000000016d1d800 JavaThread "C2 CompilerThread0" daemon [_thread_blocked, id=9392, stack(0x0000000018380000,0x0000000018480000)]
  0x0000000016d64800 JavaThread "Attach Listener" daemon [_thread_blocked, id=12564, stack(0x0000000018280000,0x0000000018380000)]
  0x0000000016d09800 JavaThread "Signal Dispatcher" daemon [_thread_blocked, id=8928, stack(0x0000000018180000,0x0000000018280000)]
  0x000000000339d800 JavaThread "Finalizer" daemon [_thread_blocked, id=8488, stack(0x0000000017f90000,0x0000000018090000)]
  0x0000000003393000 JavaThread "Reference Handler" daemon [_thread_blocked, id=10512, stack(0x0000000017e90000,0x0000000017f90000)]
  0x000000000329e800 JavaThread "main" [_thread_blocked, id=12064, stack(0x00000000030b0000,0x00000000031b0000)]

Other Threads:
  0x0000000016cd5800 VMThread [stack: 0x0000000017d90000,0x0000000017e90000] [id=13424]
  0x0000000016d6e800 WatcherThread [stack: 0x0000000018b80000,0x0000000018c80000] [id=1060]

VM state:not at safepoint (normal execution)

VM Mutex/Monitor currently owned by a thread: None

Heap:
 PSYoungGen      total 349696K, used 45381K [0x00000000e0000000, 0x0000000100000000, 0x0000000100000000)
  eden space 175104K, 11% used [0x00000000e0000000,0x00000000e13c5778,0x00000000eab00000)
  from space 174592K, 14% used [0x00000000f5580000,0x00000000f6e0bf00,0x0000000100000000)
  to   space 174592K, 0% used [0x00000000eab00000,0x00000000eab00000,0x00000000f5580000)
 ParOldGen       total 439296K, used 294091K [0x00000000a0000000, 0x00000000bad00000, 0x00000000e0000000)
  object space 439296K, 66% used [0x00000000a0000000,0x00000000b1f32c48,0x00000000bad00000)
 Metaspace       used 97716K, capacity 103036K, committed 103552K, reserved 1138688K
  class space    used 12323K, capacity 13278K, committed 13440K, reserved 1048576K

Card table byte_map: [0x0000000012760000,0x0000000012a70000] byte_map_base: 0x0000000012260000

Marking Bits: (ParMarkBitMap*) 0x00000000760e18f0
 Begin Bits: [0x0000000013070000, 0x0000000014870000)
 End Bits:   [0x0000000014870000, 0x0000000016070000)

Polling page: 0x0000000001440000

CodeCache: size=245760Kb used=66852Kb max_used=66855Kb free=178907Kb
 bounds [0x00000000033a0000, 0x0000000007550000, 0x00000000123a0000]
 total_blobs=18658 nmethods=17862 adapters=708
 compilation: enabled

Compilation events (10 events):
Event: 3446.510 Thread 0x0000000016d1d800 22755 %     4       com.android.dx.rop.code.RegisterSpecSet::findMatchingLocal @ 8 (49 bytes)
Event: 3446.542 Thread 0x0000000016d1d800 nmethod 22755% 0x0000000005d363d0 code [0x0000000005d36560, 0x0000000005d37b78]
Event: 3446.543 Thread 0x0000000016d1d800 22824       4       com.android.dx.util.ByteArrayAnnotatedOutput::ensureCapacity (39 bytes)
Event: 3446.545 Thread 0x0000000016d1d800 nmethod 22824 0x0000000005d34f10 code [0x0000000005d35060, 0x0000000005d35258]
Event: 3446.545 Thread 0x0000000016d1d800 22831       4       com.android.dx.util.ByteArrayAnnotatedOutput::writeByte (51 bytes)
Event: 3446.548 Thread 0x0000000016d1d800 nmethod 22831 0x0000000005d34990 code [0x0000000005d34ae0, 0x0000000005d34d78]
Event: 3446.548 Thread 0x0000000016d1d800 22822       4       com.android.dx.dex.file.IndexedItem::getIndex (22 bytes)
Event: 3446.549 Thread 0x0000000016d1d800 nmethod 22822 0x000000000576db10 code [0x000000000576dc40, 0x000000000576dcb8]
Event: 3446.549 Thread 0x0000000016d1d800 22740       4       com.android.dx.dex.code.DalvInsn::expandedSuffix (40 bytes)
Event: 3446.559 Thread 0x0000000016d1d800 nmethod 22740 0x0000000007230150 code [0x0000000007230300, 0x00000000072309a8]

GC Heap History (10 events):
Event: 3440.635 GC heap before
{Heap before GC invocations=59 (full 9):
 PSYoungGen      total 395776K, used 395762K [0x00000000e0000000, 0x0000000100000000, 0x0000000100000000)
  eden space 269312K, 100% used [0x00000000e0000000,0x00000000f0700000,0x00000000f0700000)
  from space 126464K, 99% used [0x00000000f0700000,0x00000000f827cbd0,0x00000000f8280000)
  to   space 128512K, 0% used [0x00000000f8280000,0x00000000f8280000,0x0000000100000000)
 ParOldGen       total 439296K, used 252516K [0x00000000a0000000, 0x00000000bad00000, 0x00000000e0000000)
  object space 439296K, 57% used [0x00000000a0000000,0x00000000af6990b0,0x00000000bad00000)
 Metaspace       used 97168K, capacity 102492K, committed 102912K, reserved 1138688K
  class space    used 12292K, capacity 13246K, committed 13312K, reserved 1048576K
Event: 3440.774 GC heap after
Heap after GC invocations=59 (full 9):
 PSYoungGen      total 303616K, used 128489K [0x00000000e0000000, 0x0000000100000000, 0x0000000100000000)
  eden space 175104K, 0% used [0x00000000e0000000,0x00000000e0000000,0x00000000eab00000)
  from space 128512K, 99% used [0x00000000f8280000,0x00000000ffffa6b8,0x0000000100000000)
  to   space 174592K, 0% used [0x00000000eab00000,0x00000000eab00000,0x00000000f5580000)
 ParOldGen       total 439296K, used 382051K [0x00000000a0000000, 0x00000000bad00000, 0x00000000e0000000)
  object space 439296K, 86% used [0x00000000a0000000,0x00000000b7518db0,0x00000000bad00000)
 Metaspace       used 97168K, capacity 102492K, committed 102912K, reserved 1138688K
  class space    used 12292K, capacity 13246K, committed 13312K, reserved 1048576K
}
Event: 3440.774 GC heap before
{Heap before GC invocations=60 (full 10):
 PSYoungGen      total 303616K, used 128489K [0x00000000e0000000, 0x0000000100000000, 0x0000000100000000)
  eden space 175104K, 0% used [0x00000000e0000000,0x00000000e0000000,0x00000000eab00000)
  from space 128512K, 99% used [0x00000000f8280000,0x00000000ffffa6b8,0x0000000100000000)
  to   space 174592K, 0% used [0x00000000eab00000,0x00000000eab00000,0x00000000f5580000)
 ParOldGen       total 439296K, used 382051K [0x00000000a0000000, 0x00000000bad00000, 0x00000000e0000000)
  object space 439296K, 86% used [0x00000000a0000000,0x00000000b7518db0,0x00000000bad00000)
 Metaspace       used 97168K, capacity 102492K, committed 102912K, reserved 1138688K
  class space    used 12292K, capacity 13246K, committed 13312K, reserved 1048576K
Event: 3441.231 GC heap after
Heap after GC invocations=60 (full 10):
 PSYoungGen      total 303616K, used 0K [0x00000000e0000000, 0x0000000100000000, 0x0000000100000000)
  eden space 175104K, 0% used [0x00000000e0000000,0x00000000e0000000,0x00000000eab00000)
  from space 128512K, 0% used [0x00000000f8280000,0x00000000f8280000,0x0000000100000000)
  to   space 174592K, 0% used [0x00000000eab00000,0x00000000eab00000,0x00000000f5580000)
 ParOldGen       total 439296K, used 323015K [0x00000000a0000000, 0x00000000bad00000, 0x00000000e0000000)
  object space 439296K, 73% used [0x00000000a0000000,0x00000000b3b71c08,0x00000000bad00000)
 Metaspace       used 97168K, capacity 102492K, committed 102912K, reserved 1138688K
  class space    used 12292K, capacity 13246K, committed 13312K, reserved 1048576K
}
Event: 3442.023 GC heap before
{Heap before GC invocations=61 (full 11):
 PSYoungGen      total 303616K, used 175104K [0x00000000e0000000, 0x0000000100000000, 0x0000000100000000)
  eden space 175104K, 100% used [0x00000000e0000000,0x00000000eab00000,0x00000000eab00000)
  from space 128512K, 0% used [0x00000000f8280000,0x00000000f8280000,0x0000000100000000)
  to   space 174592K, 0% used [0x00000000eab00000,0x00000000eab00000,0x00000000f5580000)
 ParOldGen       total 439296K, used 323015K [0x00000000a0000000, 0x00000000bad00000, 0x00000000e0000000)
  object space 439296K, 73% used [0x00000000a0000000,0x00000000b3b71c08,0x00000000bad00000)
 Metaspace       used 97168K, capacity 102492K, committed 102912K, reserved 1138688K
  class space    used 12292K, capacity 13246K, committed 13312K, reserved 1048576K
Event: 3442.841 GC heap after
Heap after GC invocations=61 (full 11):
 PSYoungGen      total 303616K, used 0K [0x00000000e0000000, 0x0000000100000000, 0x0000000100000000)
  eden space 175104K, 0% used [0x00000000e0000000,0x00000000e0000000,0x00000000eab00000)
  from space 128512K, 0% used [0x00000000f8280000,0x00000000f8280000,0x0000000100000000)
  to   space 174592K, 0% used [0x00000000eab00000,0x00000000eab00000,0x00000000f5580000)
 ParOldGen       total 439296K, used 262520K [0x00000000a0000000, 0x00000000bad00000, 0x00000000e0000000)
  object space 439296K, 59% used [0x00000000a0000000,0x00000000b005e1b8,0x00000000bad00000)
 Metaspace       used 97168K, capacity 102492K, committed 102912K, reserved 1138688K
  class space    used 12292K, capacity 13246K, committed 13312K, reserved 1048576K
}
Event: 3444.518 GC heap before
{Heap before GC invocations=62 (full 11):
 PSYoungGen      total 303616K, used 175104K [0x00000000e0000000, 0x0000000100000000, 0x0000000100000000)
  eden space 175104K, 100% used [0x00000000e0000000,0x00000000eab00000,0x00000000eab00000)
  from space 128512K, 0% used [0x00000000f8280000,0x00000000f8280000,0x0000000100000000)
  to   space 174592K, 0% used [0x00000000eab00000,0x00000000eab00000,0x00000000f5580000)
 ParOldGen       total 439296K, used 262520K [0x00000000a0000000, 0x00000000bad00000, 0x00000000e0000000)
  object space 439296K, 59% used [0x00000000a0000000,0x00000000b005e1b8,0x00000000bad00000)
 Metaspace       used 97213K, capacity 102556K, committed 102912K, reserved 1138688K
  class space    used 12293K, capacity 13246K, committed 13312K, reserved 1048576K
Event: 3444.555 GC heap after
Heap after GC invocations=62 (full 11):
 PSYoungGen      total 349696K, used 42608K [0x00000000e0000000, 0x0000000100000000, 0x0000000100000000)
  eden space 175104K, 0% used [0x00000000e0000000,0x00000000e0000000,0x00000000eab00000)
  from space 174592K, 24% used [0x00000000eab00000,0x00000000ed49c3e8,0x00000000f5580000)
  to   space 174592K, 0% used [0x00000000f5580000,0x00000000f5580000,0x0000000100000000)
 ParOldGen       total 439296K, used 262520K [0x00000000a0000000, 0x00000000bad00000, 0x00000000e0000000)
  object space 439296K, 59% used [0x00000000a0000000,0x00000000b005e1b8,0x00000000bad00000)
 Metaspace       used 97213K, capacity 102556K, committed 102912K, reserved 1138688K
  class space    used 12293K, capacity 13246K, committed 13312K, reserved 1048576K
}
Event: 3446.107 GC heap before
{Heap before GC invocations=63 (full 11):
 PSYoungGen      total 349696K, used 217712K [0x00000000e0000000, 0x0000000100000000, 0x0000000100000000)
  eden space 175104K, 100% used [0x00000000e0000000,0x00000000eab00000,0x00000000eab00000)
  from space 174592K, 24% used [0x00000000eab00000,0x00000000ed49c3e8,0x00000000f5580000)
  to   space 174592K, 0% used [0x00000000f5580000,0x00000000f5580000,0x0000000100000000)
 ParOldGen       total 439296K, used 262520K [0x00000000a0000000, 0x00000000bad00000, 0x00000000e0000000)
  object space 439296K, 59% used [0x00000000a0000000,0x00000000b005e1b8,0x00000000bad00000)
 Metaspace       used 97402K, capacity 102748K, committed 103168K, reserved 1138688K
  class space    used 12304K, capacity 13246K, committed 13312K, reserved 1048576K
Event: 3446.151 GC heap after
Heap after GC invocations=63 (full 11):
 PSYoungGen      total 349696K, used 25135K [0x00000000e0000000, 0x0000000100000000, 0x0000000100000000)
  eden space 175104K, 0% used [0x00000000e0000000,0x00000000e0000000,0x00000000eab00000)
  from space 174592K, 14% used [0x00000000f5580000,0x00000000f6e0bf00,0x0000000100000000)
  to   space 174592K, 0% used [0x00000000eab00000,0x00000000eab00000,0x00000000f5580000)
 ParOldGen       total 439296K, used 294091K [0x00000000a0000000, 0x00000000bad00000, 0x00000000e0000000)
  object space 439296K, 66% used [0x00000000a0000000,0x00000000b1f32c48,0x00000000bad00000)
 Metaspace       used 97402K, capacity 102748K, committed 103168K, reserved 1138688K
  class space    used 12304K, capacity 13246K, committed 13312K, reserved 1048576K
}

Deoptimization events (10 events):
Event: 3446.310 Thread 0x000000001cb6c000 Uncommon trap: reason=unstable_if action=reinterpret pc=0x0000000005774d80 method=com.android.dx.dex.code.LocalList$MakeState.snapshot(ILcom/android/dx/rop/code/RegisterSpecSet;)V @ 51
Event: 3446.310 Thread 0x000000001cb6c000 Uncommon trap: reason=unstable_if action=reinterpret pc=0x0000000005c49ecc method=com.android.dx.dex.code.StdCatchBuilder.handlersFor(Lcom/android/dx/rop/code/BasicBlock;Lcom/android/dx/dex/code/BlockAddresses;)Lcom/android/dx/dex/code/CatchHandlerList; @ s,Ÿìª@
Event: 3446.311 Thread 0x000000001cb6c000 Uncommon trap: reason=speculate_class_check action=maybe_recompile pc=0x000000000732413c method=com.android.dx.util.FixedSizeList.equals(Ljava/lang/Object;)Z @ 25
Event: 3446.311 Thread 0x000000001cb6c000 Uncommon trap: reason=speculate_class_check action=maybe_recompile pc=0x000000000732413c method=com.android.dx.util.FixedSizeList.equals(Ljava/lang/Object;)Z @ 25
Event: 3446.311 Thread 0x000000001cb6c000 Uncommon trap: reason=speculate_class_check action=maybe_recompile pc=0x000000000732413c method=com.android.dx.util.FixedSizeList.equals(Ljava/lang/Object;)Z @ 25
Event: 3446.311 Thread 0x000000001cb6c000 Uncommon trap: reason=speculate_class_check action=maybe_recompile pc=0x000000000732413c method=com.android.dx.util.FixedSizeList.equals(Ljava/lang/Object;)Z @ 25
Event: 3446.314 Thread 0x000000001cb6c000 Uncommon trap: reason=unstable_if action=reinterpret pc=0x0000000007484a28 method=com.android.dx.dex.code.form.Form21c.isCompatible(Lcom/android/dx/dex/code/DalvInsn;)Z @ 133
Event: 3446.314 Thread 0x000000001cb6c000 Uncommon trap: reason=unstable_if action=reinterpret pc=0x0000000006e8ec18 method=com.android.dx.dex.code.form.Form22c.isCompatible(Lcom/android/dx/dex/code/DalvInsn;)Z @ 82
Event: 3446.316 Thread 0x000000001cb6c000 Uncommon trap: reason=unstable_if action=reinterpret pc=0x0000000005ce5804 method=com.android.dx.dex.code.form.Form35c.wordCount(Lcom/android/dx/rop/code/RegisterSpecList;)I @ 7
Event: 3446.318 Thread 0x000000001cb6c000 Uncommon trap: reason=unstable_if action=reinterpret pc=0x0000000005ce3864 method=com.android.dx.dex.code.form.Form35c.wordCount(Lcom/android/dx/rop/code/RegisterSpecList;)I @ 7

Internal exceptions (10 events):
Event: 3282.853 Thread 0x000000001cb6a800 Exception <a 'sun/nio/fs/WindowsException'> (0x00000000f40a1020) thrown at [C:\src\android\AOSP-openjdk\external\jetbrains\jdk\hotspot\src\share\vm\prims\jni.cpp, line 709]
Event: 3282.853 Thread 0x000000001cb6a800 Exception <a 'sun/nio/fs/WindowsException'> (0x00000000f40a2b48) thrown at [C:\src\android\AOSP-openjdk\external\jetbrains\jdk\hotspot\src\share\vm\prims\jni.cpp, line 709]
Event: 3282.854 Thread 0x000000001cb6a800 Exception <a 'sun/nio/fs/WindowsException'> (0x00000000f40a3660) thrown at [C:\src\android\AOSP-openjdk\external\jetbrains\jdk\hotspot\src\share\vm\prims\jni.cpp, line 709]
Event: 3282.854 Thread 0x000000001cb6a800 Exception <a 'sun/nio/fs/WindowsException'> (0x00000000f40a5dc0) thrown at [C:\src\android\AOSP-openjdk\external\jetbrains\jdk\hotspot\src\share\vm\prims\jni.cpp, line 709]
Event: 3282.854 Thread 0x000000001cb6a800 Exception <a 'sun/nio/fs/WindowsException'> (0x00000000f40a6918) thrown at [C:\src\android\AOSP-openjdk\external\jetbrains\jdk\hotspot\src\share\vm\prims\jni.cpp, line 709]
Event: 3282.854 Thread 0x000000001cb6a800 Exception <a 'sun/nio/fs/WindowsException'> (0x00000000f40a84b8) thrown at [C:\src\android\AOSP-openjdk\external\jetbrains\jdk\hotspot\src\share\vm\prims\jni.cpp, line 709]
Event: 3282.854 Thread 0x000000001cb6a800 Exception <a 'sun/nio/fs/WindowsException'> (0x00000000f40a9048) thrown at [C:\src\android\AOSP-openjdk\external\jetbrains\jdk\hotspot\src\share\vm\prims\jni.cpp, line 709]
Event: 3387.577 Thread 0x000000001cb6a800 Implicit null exception at 0x00000000043205a1 to 0x00000000043222b9
Event: 3409.522 Thread 0x000000001cb6d800 Implicit null exception at 0x0000000006255bec to 0x0000000006255c59
Event: 3445.697 Thread 0x000000001cb6c000 Implicit null exception at 0x0000000004c082a1 to 0x0000000004c08b81

Events (10 events):
Event: 3446.391 Thread 0x000000001cb6c000 DEOPT PACKING pc=0x0000000004ce06ab sp=0x0000000029e4eeb0
Event: 3446.391 Thread 0x000000001cb6c000 DEOPT UNPACKING pc=0x00000000033e75bf sp=0x0000000029e4ec30 mode 0
Event: 3446.391 Thread 0x000000001cb6c000 DEOPT PACKING pc=0x0000000005d5589a sp=0x0000000029e4ee70
Event: 3446.391 Thread 0x000000001cb6c000 DEOPT UNPACKING pc=0x00000000033e75bf sp=0x0000000029e4ec28 mode 0
Event: 3446.391 Thread 0x000000001cb6c000 DEOPT PACKING pc=0x00000000071278c8 sp=0x0000000029e4edc0
Event: 3446.391 Thread 0x000000001cb6c000 DEOPT UNPACKING pc=0x00000000033e75bf sp=0x0000000029e4ec08 mode 0
Event: 3446.392 Thread 0x000000001cb6c000 DEOPT PACKING pc=0x0000000007275de9 sp=0x0000000029e4ee50
Event: 3446.392 Thread 0x000000001cb6c000 DEOPT UNPACKING pc=0x00000000033e75bf sp=0x0000000029e4ebe8 mode 0
Event: 3446.392 Thread 0x000000001cb6c000 DEOPT PACKING pc=0x0000000003b8482b sp=0x0000000029e4ee90
Event: 3446.392 Thread 0x000000001cb6c000 DEOPT UNPACKING pc=0x00000000033e75bf sp=0x0000000029e4ebe0 mode 0


Dynamic libraries:
0x00007ff7b5940000 - 0x00007ff7b5971000 	C:\Program Files\Android\Android Studio\jre\bin\java.exe
0x00007ffe6a4b0000 - 0x00007ffe6a68b000 	C:\WINDOWS\SYSTEM32\ntdll.dll
0x00007ffe62450000 - 0x00007ffe62484000 	C:\Program Files\AVAST Software\Avast\x64\aswhooka.dll
0x00007ffe6a400000 - 0x00007ffe6a4ae000 	C:\WINDOWS\System32\KERNEL32.DLL
0x00007ffe67620000 - 0x00007ffe67869000 	C:\WINDOWS\System32\KERNELBASE.dll
0x00007ffe67a70000 - 0x00007ffe67b11000 	C:\WINDOWS\System32\ADVAPI32.dll
0x00007ffe687b0000 - 0x00007ffe6884d000 	C:\WINDOWS\System32\msvcrt.dll
0x00007ffe67a10000 - 0x00007ffe67a69000 	C:\WINDOWS\System32\sechost.dll
0x00007ffe6a2d0000 - 0x00007ffe6a3f5000 	C:\WINDOWS\System32\RPCRT4.dll
0x00007ffe684f0000 - 0x00007ffe6863a000 	C:\WINDOWS\System32\USER32.dll
0x00007ffe67120000 - 0x00007ffe6713e000 	C:\WINDOWS\System32\win32u.dll
0x00007ffe69fd0000 - 0x00007ffe69ff7000 	C:\WINDOWS\System32\GDI32.dll
0x00007ffe67370000 - 0x00007ffe674f7000 	C:\WINDOWS\System32\gdi32full.dll
0x00007ffe67870000 - 0x00007ffe6790a000 	C:\WINDOWS\System32\msvcp_win.dll
0x00007ffe67910000 - 0x00007ffe67a06000 	C:\WINDOWS\System32\ucrtbase.dll
0x00007ffe59a10000 - 0x00007ffe59c77000 	C:\WINDOWS\WinSxS\amd64_microsoft.windows.common-controls_6595b64144ccf1df_6.0.15063.483_none_26002d27e7c744a2\COMCTL32.dll
0x00007ffe69cd0000 - 0x00007ffe69fc9000 	C:\WINDOWS\System32\combase.dll
0x00007ffe675b0000 - 0x00007ffe6761a000 	C:\WINDOWS\System32\bcryptPrimitives.dll
0x00007ffe69ca0000 - 0x00007ffe69ccd000 	C:\WINDOWS\System32\IMM32.DLL
0x0000000075840000 - 0x0000000075912000 	C:\Program Files\Android\Android Studio\jre\jre\bin\msvcr100.dll
0x0000000075920000 - 0x000000007615c000 	C:\Program Files\Android\Android Studio\jre\jre\bin\server\jvm.dll
0x00007ffe68850000 - 0x00007ffe68858000 	C:\WINDOWS\System32\PSAPI.DLL
0x00007ffe62d50000 - 0x00007ffe62d59000 	C:\WINDOWS\SYSTEM32\WSOCK32.dll
0x00007ffe6a1f0000 - 0x00007ffe6a25c000 	C:\WINDOWS\System32\WS2_32.dll
0x00007ffe64ec0000 - 0x00007ffe64ee3000 	C:\WINDOWS\SYSTEM32\WINMM.dll
0x00007ffe59130000 - 0x00007ffe5913a000 	C:\WINDOWS\SYSTEM32\VERSION.dll
0x00007ffe64e60000 - 0x00007ffe64e8b000 	C:\WINDOWS\SYSTEM32\WINMMBASE.dll
0x00007ffe669d0000 - 0x00007ffe66a19000 	C:\WINDOWS\System32\cfgmgr32.dll
0x00007ffe60820000 - 0x00007ffe6082f000 	C:\Program Files\Android\Android Studio\jre\jre\bin\verify.dll
0x00007ffe5d290000 - 0x00007ffe5d2b9000 	C:\Program Files\Android\Android Studio\jre\jre\bin\java.dll
0x00007ffe5d4f0000 - 0x00007ffe5d506000 	C:\Program Files\Android\Android Studio\jre\jre\bin\zip.dll
0x00007ffe68860000 - 0x00007ffe69c97000 	C:\WINDOWS\System32\SHELL32.dll
0x00007ffe67e70000 - 0x00007ffe67f1a000 	C:\WINDOWS\System32\shcore.dll
0x00007ffe66a20000 - 0x00007ffe67111000 	C:\WINDOWS\System32\windows.storage.dll
0x00007ffe6a270000 - 0x00007ffe6a2c1000 	C:\WINDOWS\System32\shlwapi.dll
0x00007ffe66990000 - 0x00007ffe669a1000 	C:\WINDOWS\System32\kernel.appcore.dll
0x00007ffe66940000 - 0x00007ffe6698c000 	C:\WINDOWS\System32\powrprof.dll
0x00007ffe66920000 - 0x00007ffe66935000 	C:\WINDOWS\System32\profapi.dll
0x00007ffe59f80000 - 0x00007ffe59f9a000 	C:\Program Files\Android\Android Studio\jre\jre\bin\net.dll
0x00007ffe66230000 - 0x00007ffe6628c000 	C:\WINDOWS\system32\mswsock.dll
0x00007ffe59850000 - 0x00007ffe59861000 	C:\Program Files\Android\Android Studio\jre\jre\bin\nio.dll
0x00007ffe60680000 - 0x00007ffe6069e000 	C:\Users\Windows 8.1\.gradle\native\23\windows-amd64\native-platform.dll
0x00007ffe663d0000 - 0x00007ffe663e7000 	C:\WINDOWS\SYSTEM32\CRYPTSP.dll
0x00007ffe65e50000 - 0x00007ffe65e84000 	C:\WINDOWS\system32\rsaenh.dll
0x00007ffe664e0000 - 0x00007ffe66505000 	C:\WINDOWS\SYSTEM32\bcrypt.dll
0x00007ffe66820000 - 0x00007ffe66849000 	C:\WINDOWS\SYSTEM32\USERENV.dll
0x00007ffe663f0000 - 0x00007ffe663fb000 	C:\WINDOWS\SYSTEM32\CRYPTBASE.dll
0x00007ffe65fd0000 - 0x00007ffe66007000 	C:\WINDOWS\SYSTEM32\IPHLPAPI.DLL
0x00007ffe6a140000 - 0x00007ffe6a148000 	C:\WINDOWS\System32\NSI.dll
0x00007ffe5adc0000 - 0x00007ffe5add6000 	C:\WINDOWS\SYSTEM32\dhcpcsvc6.DLL
0x00007ffe5ada0000 - 0x00007ffe5adba000 	C:\WINDOWS\SYSTEM32\dhcpcsvc.DLL
0x00007ffe60810000 - 0x00007ffe6081d000 	C:\Program Files\Android\Android Studio\jre\jre\bin\management.dll

VM Arguments:
jvm_args: -Xmx1536m -Dfile.encoding=windows-31j -Duser.country=PH -Duser.language=en -Duser.variant 
java_command: org.gradle.launcher.daemon.bootstrap.GradleDaemon 3.3
java_class_path (initial): C:\Users\Windows 8.1\.gradle\wrapper\dists\gradle-3.3-all\55gk2rcmfc6p2dg9u9ohc3hw9\gradle-3.3\lib\gradle-launcher-3.3.jar
Launcher Type: SUN_STANDARD

Environment Variables:
JAVA_HOME=C:\Program Files\Java\jdk1.8.0_144\bin;
USERNAME=ESPINA
OS=Windows_NT
PROCESSOR_IDENTIFIER=Intel64 Family 6 Model 61 Stepping 4, GenuineIntel



---------------  S Y S T E M  ---------------

OS: Windows 10.0 , 64 bit Build 15063 (10.0.15063.296)

CPU:total 4 (2 cores per cpu, 2 threads per core) family 6 model 61 stepping 4, cmov, cx8, fxsr, mmx, sse, sse2, sse3, ssse3, sse4.1, sse4.2, popcnt, avx, avx2, aes, clmul, erms, 3dnowpref, lzcnt, ht, tsc, tscinvbit, bmi1, bmi2, adx

Memory: 4k page, physical 4107276k(72868k free), swap 6695948k(10688k free)

vm_info: OpenJDK 64-Bit Server VM (25.112-b06) for windows-amd64 JRE (1.8.0_112-release-b06), built on Dec  8 2016 00:54:26 by "builder" with MS VC++ 10.0 (VS2010)

time: Thu Dec 28 13:22:45 2017
elapsed time: 3448 seconds (0d 0h 57m 28s)

